0 info it worked if it ends with ok
1 verbose cli [ 'D:\\node\\node.exe',
1 verbose cli   'D:\\node\\node_modules\\npm\\bin\\npm-cli.js',
1 verbose cli   'run',
1 verbose cli   'dev' ]
2 info using npm@4.1.2
3 info using node@v7.7.3
4 verbose run-script [ 'predev', 'dev', 'postdev' ]
5 info lifecycle main@1.0.0~predev: main@1.0.0
6 silly lifecycle main@1.0.0~predev: no script for predev, continuing
7 info lifecycle main@1.0.0~dev: main@1.0.0
8 verbose lifecycle main@1.0.0~dev: unsafe-perm in lifecycle true
9 verbose lifecycle main@1.0.0~dev: PATH: D:\node\node_modules\npm\bin\node-gyp-bin;D:\youyou\28music\node_modules\.bin;C:\Users\admin\AppData\Roaming\npm;D:\node\;C:\ProgramData\Oracle\Java\javapath;C:\windows\system32;C:\windows;C:\windows\System32\Wbem;C:\windows\System32\WindowsPowerShell\v1.0\;C:\ProgramData\tspcln;C:\Program Files (x86)\NVIDIA Corporation\PhysX\Common;C:\ProgramData\tspcln;E:\GIT\Git\cmd;D:\node\;C:\Users\admin\AppData\Roaming\npm
10 verbose lifecycle main@1.0.0~dev: CWD: D:\youyou\28music
11 silly lifecycle main@1.0.0~dev: Args: [ '/d /s /c', 'node build/dev-server.js' ]
12 silly lifecycle main@1.0.0~dev: Returned: code: 3221225786  signal: null
13 info lifecycle main@1.0.0~dev: Failed to exec dev script
14 verbose stack Error: main@1.0.0 dev: `node build/dev-server.js`
14 verbose stack Exit status 3221225786
14 verbose stack     at EventEmitter.<anonymous> (D:\node\node_modules\npm\lib\utils\lifecycle.js:279:16)
14 verbose stack     at emitTwo (events.js:106:13)
14 verbose stack     at EventEmitter.emit (events.js:194:7)
14 verbose stack     at ChildProcess.<anonymous> (D:\node\node_modules\npm\lib\utils\spawn.js:40:14)
14 verbose stack     at emitTwo (events.js:106:13)
14 verbose stack     at ChildProcess.emit (events.js:194:7)
14 verbose stack     at maybeClose (internal/child_process.js:899:16)
14 verbose stack     at Process.ChildProcess._handle.onexit (internal/child_process.js:226:5)
15 verbose pkgid main@1.0.0
16 verbose cwd D:\youyou\28music
17 error Windows_NT 6.1.7601
18 error argv "D:\\node\\node.exe" "D:\\node\\node_modules\\npm\\bin\\npm-cli.js" "run" "dev"
19 error node v7.7.3
20 error npm  v4.1.2
21 error code ELIFECYCLE
22 error main@1.0.0 dev: `node build/dev-server.js`
22 error Exit status 3221225786
23 error Failed at the main@1.0.0 dev script 'node build/dev-server.js'.
23 error Make sure you have the latest version of node.js and npm installed.
23 error If you do, this is most likely a problem with the main package,
23 error not with npm itself.
23 error Tell the author that this fails on your system:
23 error     node build/dev-server.js
23 error You can get information on how to open an issue for this project with:
23 error     npm bugs main
23 error Or if that isn't available, you can get their info via:
23 error     npm owner ls main
23 error There is likely additional logging output above.
24 verbose exit [ 1, true ]
